2018-júl.-30 15:12:13.294 INFO  [restartedMain] c.c.p.ProjectKifliApplication - Starting ProjectKifliApplication on DESKTOP-TOIMRUQ with PID 39636 (E:\codecool\angular\kifli\kifli-backend\target\classes started by Norbi in E:\codecool\angular\kifli\kifli-backend)
2018-júl.-30 15:12:13.294 DEBUG [restartedMain] c.c.p.ProjectKifliApplication - Running with Spring Boot v2.0.3.RELEASE, Spring v5.0.7.RELEASE
2018-júl.-30 15:12:13.310 INFO  [restartedMain] c.c.p.ProjectKifliApplication - No active profile set, falling back to default profiles: default
2018-júl.-30 15:12:13.450 INFO  [restartedMain] o.s.b.w.s.c.AnnotationConfigServletWebServerApplicationContext - Refreshing org.springframework.boot.web.servlet.context.AnnotationConfigServletWebServerApplicationContext@49ecaf10: startup date [Mon Jul 30 15:12:13 CEST 2018]; root of context hierarchy
2018-júl.-30 15:12:16.090 INFO  [restartedMain] o.s.c.s.PostProcessorRegistrationDelegate$BeanPostProcessorChecker - Bean 'org.springframework.transaction.annotation.ProxyTransactionManagementConfiguration' of type [org.springframework.transaction.annotation.ProxyTransactionManagementConfiguration$$EnhancerBySpringCGLIB$$9f386db5] is not eligible for getting processed by all BeanPostProcessors (for example: not eligible for auto-proxying)
2018-júl.-30 15:12:16.856 INFO  [restartedMain] o.s.b.w.e.t.TomcatWebServer - Tomcat initialized with port(s): 8080 (http)
2018-júl.-30 15:12:16.887 INFO  [restartedMain] o.a.c.c.StandardService - Starting service [Tomcat]
2018-júl.-30 15:12:16.887 INFO  [restartedMain] o.a.c.c.StandardEngine - Starting Servlet Engine: Apache Tomcat/8.5.31
2018-júl.-30 15:12:16.887 INFO  [localhost-startStop-1] o.a.c.c.AprLifecycleListener - The APR based Apache Tomcat Native library which allows optimal performance in production environments was not found on the java.library.path: [C:\Program Files\Java\jdk-10.0.1\bin;C:\Windows\Sun\Java\bin;C:\Windows\system32;C:\Windows;C:\Program Files (x86)\Common Files\Oracle\Java\javapath;C:\ProgramData\Oracle\Java\javapath;C:\Windows\system32;C:\Windows;C:\Windows\System32\Wbem;C:\Windows\System32\WindowsPowerShell\v1.0\;C:\Windows\System32\OpenSSH\;C:\ProgramData\chocolatey\bin;C:\Program Files\Java\jdk-9.0.1;C:\Program Files\Git\cmd;C:\Program Files (x86)\NVIDIA Corporation\PhysX\Common;C:\Program Files (x86)\Calibre2\;C:\Program Files\Java\jdk-10.0.1\bin;C:\Program Files\nodejs\;C:\bin\groovy-2.5.1;C:\bin\groovy-2.5.1\bin;E:\Program Files\spring-2.0.3.RELEASE\bin;C:\Users\Norbi\AppData\Local\Microsoft\WindowsApps;;C:\Program Files\Microsoft VS Code\bin;C:\Users\Norbi\AppData\Roaming\npm;.]
2018-júl.-30 15:12:17.121 INFO  [localhost-startStop-1] o.a.c.c.C.[.[.[/] - Initializing Spring embedded WebApplicationContext
2018-júl.-30 15:12:17.121 INFO  [localhost-startStop-1] o.s.w.c.ContextLoader - Root WebApplicationContext: initialization completed in 3671 ms
2018-júl.-30 15:12:17.403 INFO  [localhost-startStop-1] o.s.b.w.s.FilterRegistrationBean - Mapping filter: 'characterEncodingFilter' to: [/*]
2018-júl.-30 15:12:17.403 INFO  [localhost-startStop-1] o.s.b.w.s.FilterRegistrationBean - Mapping filter: 'hiddenHttpMethodFilter' to: [/*]
2018-júl.-30 15:12:17.403 INFO  [localhost-startStop-1] o.s.b.w.s.FilterRegistrationBean - Mapping filter: 'httpPutFormContentFilter' to: [/*]
2018-júl.-30 15:12:17.403 INFO  [localhost-startStop-1] o.s.b.w.s.FilterRegistrationBean - Mapping filter: 'requestContextFilter' to: [/*]
2018-júl.-30 15:12:17.403 INFO  [localhost-startStop-1] o.s.b.w.s.DelegatingFilterProxyRegistrationBean - Mapping filter: 'springSecurityFilterChain' to: [/*]
2018-júl.-30 15:12:17.403 INFO  [localhost-startStop-1] o.s.b.w.s.ServletRegistrationBean - Servlet dispatcherServlet mapped to [/]
2018-júl.-30 15:12:17.528 INFO  [restartedMain] c.z.h.HikariDataSource - HikariPool-1 - Starting...
2018-júl.-30 15:12:20.746 INFO  [restartedMain] c.z.h.HikariDataSource - HikariPool-1 - Start completed.
2018-júl.-30 15:12:20.746 INFO  [restartedMain] o.s.j.d.i.ScriptUtils - Executing SQL script from class path resource [schema.sql]
2018-júl.-30 15:12:21.440 INFO  [restartedMain] o.s.j.d.i.ScriptUtils - Executed SQL script from class path resource [schema.sql] in 694 ms.
2018-júl.-30 15:12:21.456 INFO  [restartedMain] o.s.j.d.i.ScriptUtils - Executing SQL script from class path resource [data.sql]
2018-júl.-30 15:12:21.706 INFO  [restartedMain] o.s.j.d.i.ScriptUtils - Executed SQL script from class path resource [data.sql] in 250 ms.
2018-júl.-30 15:12:22.049 INFO  [restartedMain] o.s.o.j.LocalContainerEntityManagerFactoryBean - Building JPA container EntityManagerFactory for persistence unit 'default'
2018-júl.-30 15:12:22.081 INFO  [restartedMain] o.h.j.i.u.LogHelper - HHH000204: Processing PersistenceUnitInfo [
	name: default
	...]
2018-júl.-30 15:12:22.237 INFO  [restartedMain] o.h.Version - HHH000412: Hibernate Core {5.2.17.Final}
2018-júl.-30 15:12:22.253 INFO  [restartedMain] o.h.c.Environment - HHH000206: hibernate.properties not found
2018-júl.-30 15:12:22.378 INFO  [restartedMain] o.h.a.c.Version - HCANN000001: Hibernate Commons Annotations {5.0.1.Final}
2018-júl.-30 15:12:22.596 INFO  [restartedMain] o.h.d.Dialect - HHH000400: Using dialect: org.hibernate.dialect.PostgreSQL95Dialect
2018-júl.-30 15:12:22.784 INFO  [restartedMain] o.h.e.j.e.i.LobCreatorBuilderImpl - HHH000421: Disabling contextual LOB creation as hibernate.jdbc.lob.non_contextual_creation is true
2018-júl.-30 15:12:22.784 INFO  [restartedMain] o.h.t.BasicTypeRegistry - HHH000270: Type registration [java.util.UUID] overrides previous : org.hibernate.type.UUIDBinaryType@220feedc
2018-júl.-30 15:12:23.627 INFO  [restartedMain] o.s.o.j.LocalContainerEntityManagerFactoryBean - Initialized JPA EntityManagerFactory for persistence unit 'default'
2018-júl.-30 15:12:24.580 INFO  [restartedMain] o.s.w.s.h.SimpleUrlHandlerMapping - Mapped URL path [/**/favicon.ico] onto handler of type [class org.springframework.web.servlet.resource.ResourceHttpRequestHandler]
2018-júl.-30 15:12:24.830 INFO  [restartedMain] o.s.w.s.m.m.a.RequestMappingHandlerAdapter - Looking for @ControllerAdvice: org.springframework.boot.web.servlet.context.AnnotationConfigServletWebServerApplicationContext@49ecaf10: startup date [Mon Jul 30 15:12:13 CEST 2018]; root of context hierarchy
2018-júl.-30 15:12:24.893 WARN  [restartedMain] o.s.b.a.o.j.JpaBaseConfiguration$JpaWebConfiguration$JpaWebMvcConfiguration - spring.jpa.open-in-view is enabled by default. Therefore, database queries may be performed during view rendering. Explicitly configure spring.jpa.open-in-view to disable this warning
2018-júl.-30 15:12:24.955 INFO  [restartedMain] o.s.w.s.m.m.a.RequestMappingHandlerMapping - Mapped "{[/auth],methods=[GET]}" onto public com.codecool.projectkifli.dto.UserDto com.codecool.projectkifli.controller.AuthController.get(java.security.Principal)
2018-júl.-30 15:12:24.955 INFO  [restartedMain] o.s.w.s.m.m.a.RequestMappingHandlerMapping - Mapped "{[/auth],methods=[DELETE]}" onto public void com.codecool.projectkifli.controller.AuthController.delete(javax.servlet.http.HttpSession)
2018-júl.-30 15:12:24.955 INFO  [restartedMain] o.s.w.s.m.m.a.RequestMappingHandlerMapping - Mapped "{[/images/{id}],methods=[GET],produces=[image/jpeg]}" onto public byte[] com.codecool.projectkifli.controller.ImageController.getImageById(java.lang.String)
2018-júl.-30 15:12:24.971 INFO  [restartedMain] o.s.w.s.m.m.a.RequestMappingHandlerMapping - Mapped "{[/products/{id}],methods=[DELETE]}" onto public void com.codecool.projectkifli.controller.ProductController.delete(java.lang.Integer,java.security.Principal) throws org.springframework.data.crossstore.ChangeSetPersister$NotFoundException
2018-júl.-30 15:12:24.971 INFO  [restartedMain] o.s.w.s.m.m.a.RequestMappingHandlerMapping - Mapped "{[/products],methods=[GET],produces=[application/json]}" onto public java.util.List<com.codecool.projectkifli.dto.AdSpaceDto> com.codecool.projectkifli.controller.ProductController.getAllProducts()
2018-júl.-30 15:12:24.971 INFO  [restartedMain] o.s.w.s.m.m.a.RequestMappingHandlerMapping - Mapped "{[/products/search/{searchString}],methods=[GET],produces=[application/json]}" onto public java.util.List<com.codecool.projectkifli.model.Product> com.codecool.projectkifli.controller.ProductController.findBySearchTitle(java.lang.String)
2018-júl.-30 15:12:24.971 INFO  [restartedMain] o.s.w.s.m.m.a.RequestMappingHandlerMapping - Mapped "{[/products/{id}],methods=[GET],produces=[application/json]}" onto public com.codecool.projectkifli.model.Product com.codecool.projectkifli.controller.ProductController.findById(java.lang.Integer)
2018-júl.-30 15:12:24.986 INFO  [restartedMain] o.s.w.s.m.m.a.RequestMappingHandlerMapping - Mapped "{[/register],methods=[POST]}" onto public void com.codecool.projectkifli.controller.RegisterController.register(java.util.Map<java.lang.String, java.lang.String>)
2018-júl.-30 15:12:24.986 INFO  [restartedMain] o.s.w.s.m.m.a.RequestMappingHandlerMapping - Mapped "{[/users],methods=[POST]}" onto public com.codecool.projectkifli.model.User com.codecool.projectkifli.controller.UserController.add(java.util.Map<java.lang.String, java.lang.String>)
2018-júl.-30 15:12:24.986 INFO  [restartedMain] o.s.w.s.m.m.a.RequestMappingHandlerMapping - Mapped "{[/users/{id}],methods=[GET]}" onto public com.codecool.projectkifli.dto.UserCredentialsDto com.codecool.projectkifli.controller.UserController.get(java.lang.Integer)
2018-júl.-30 15:12:24.986 INFO  [restartedMain] o.s.w.s.m.m.a.RequestMappingHandlerMapping - Mapped "{[/users/{id}],methods=[DELETE]}" onto public void com.codecool.projectkifli.controller.UserController.delete(java.lang.Integer)
2018-júl.-30 15:12:24.986 INFO  [restartedMain] o.s.w.s.m.m.a.RequestMappingHandlerMapping - Mapped "{[/users/change-password],methods=[POST]}" onto public void com.codecool.projectkifli.controller.UserController.changePassword(java.util.Map<java.lang.String, java.lang.String>)
2018-júl.-30 15:12:24.986 INFO  [restartedMain] o.s.w.s.m.m.a.RequestMappingHandlerMapping - Mapped "{[/users],methods=[GET]}" onto public java.lang.Iterable<com.codecool.projectkifli.dto.UserDto> com.codecool.projectkifli.controller.UserController.getAll()
2018-júl.-30 15:12:24.986 INFO  [restartedMain] o.s.w.s.m.m.a.RequestMappingHandlerMapping - Mapped "{[/error]}" onto public org.springframework.http.ResponseEntity<java.util.Map<java.lang.String, java.lang.Object>> org.springframework.boot.autoconfigure.web.servlet.error.BasicErrorController.error(javax.servlet.http.HttpServletRequest)
2018-júl.-30 15:12:24.986 INFO  [restartedMain] o.s.w.s.m.m.a.RequestMappingHandlerMapping - Mapped "{[/error],produces=[text/html]}" onto public org.springframework.web.servlet.ModelAndView org.springframework.boot.autoconfigure.web.servlet.error.BasicErrorController.errorHtml(javax.servlet.http.HttpServletRequest,javax.servlet.http.HttpServletResponse)
2018-júl.-30 15:12:25.018 INFO  [restartedMain] o.s.w.s.h.SimpleUrlHandlerMapping - Mapped URL path [/webjars/**] onto handler of type [class org.springframework.web.servlet.resource.ResourceHttpRequestHandler]
2018-júl.-30 15:12:25.018 INFO  [restartedMain] o.s.w.s.h.SimpleUrlHandlerMapping - Mapped URL path [/**] onto handler of type [class org.springframework.web.servlet.resource.ResourceHttpRequestHandler]
2018-júl.-30 15:12:25.533 INFO  [restartedMain] o.s.s.w.DefaultSecurityFilterChain - Creating filter chain: org.springframework.security.web.util.matcher.AnyRequestMatcher@1, [org.springframework.security.web.context.request.async.WebAsyncManagerIntegrationFilter@3a9ea519, org.springframework.security.web.context.SecurityContextPersistenceFilter@7d1d2ebf, org.springframework.security.web.header.HeaderWriterFilter@64894e82, org.springframework.security.web.authentication.logout.LogoutFilter@684802f6, org.springframework.security.web.authentication.www.BasicAuthenticationFilter@2079f83, org.springframework.security.web.savedrequest.RequestCacheAwareFilter@2670a859, org.springframework.security.web.servletapi.SecurityContextHolderAwareRequestFilter@27e053b4, org.springframework.security.web.authentication.AnonymousAuthenticationFilter@11e91324, org.springframework.security.web.session.SessionManagementFilter@fe291c9, org.springframework.security.web.access.ExceptionTranslationFilter@5a13fc8f, org.springframework.security.web.access.intercept.FilterSecurityInterceptor@68ed553e]
2018-júl.-30 15:12:25.643 INFO  [restartedMain] o.s.b.d.a.OptionalLiveReloadServer - LiveReload server is running on port 35729
2018-júl.-30 15:12:25.674 INFO  [restartedMain] o.s.j.e.a.AnnotationMBeanExporter - Registering beans for JMX exposure on startup
2018-júl.-30 15:12:25.690 INFO  [restartedMain] o.s.j.e.a.AnnotationMBeanExporter - Bean with name 'dataSource' has been autodetected for JMX exposure
2018-júl.-30 15:12:25.690 INFO  [restartedMain] o.s.j.e.a.AnnotationMBeanExporter - Located MBean 'dataSource': registering with JMX server as MBean [com.zaxxer.hikari:name=dataSource,type=HikariDataSource]
2018-júl.-30 15:12:25.799 INFO  [restartedMain] o.s.b.w.e.t.TomcatWebServer - Tomcat started on port(s): 8080 (http) with context path ''
2018-júl.-30 15:12:25.815 INFO  [restartedMain] c.c.p.ProjectKifliApplication - Started ProjectKifliApplication in 13.116 seconds (JVM running for 14.071)
2018-júl.-30 15:12:25.826 DEBUG [restartedMain] c.c.p.ProjectKifliApplication - --Application started!--
2018-júl.-30 15:12:36.290 INFO  [http-nio-8080-exec-1] o.a.c.c.C.[.[.[/] - Initializing Spring FrameworkServlet 'dispatcherServlet'
2018-júl.-30 15:12:36.290 INFO  [http-nio-8080-exec-1] o.s.w.s.DispatcherServlet - FrameworkServlet 'dispatcherServlet': initialization started
2018-júl.-30 15:12:36.335 INFO  [http-nio-8080-exec-1] o.s.w.s.DispatcherServlet - FrameworkServlet 'dispatcherServlet': initialization completed in 44 ms
2018-júl.-30 15:12:36.827 WARN  [http-nio-8080-exec-1] o.a.c.u.SessionIdGeneratorBase - Creation of SecureRandom instance for session ID generation using [SHA1PRNG] took [439] milliseconds.
2018-júl.-30 15:12:46.922 INFO  [http-nio-8080-exec-3] o.h.h.i.QueryTranslatorFactoryInitiator - HHH000397: Using ASTQueryTranslatorFactory
2018-júl.-30 15:14:32.010 INFO  [restartedMain] c.c.p.ProjectKifliApplication - Starting ProjectKifliApplication on DESKTOP-TOIMRUQ with PID 33384 (E:\codecool\angular\kifli\kifli-backend\target\classes started by Norbi in E:\codecool\angular\kifli\kifli-backend)
2018-júl.-30 15:14:32.010 DEBUG [restartedMain] c.c.p.ProjectKifliApplication - Running with Spring Boot v2.0.3.RELEASE, Spring v5.0.7.RELEASE
2018-júl.-30 15:14:32.026 INFO  [restartedMain] c.c.p.ProjectKifliApplication - No active profile set, falling back to default profiles: default
2018-júl.-30 15:14:32.135 INFO  [restartedMain] o.s.b.w.s.c.AnnotationConfigServletWebServerApplicationContext - Refreshing org.springframework.boot.web.servlet.context.AnnotationConfigServletWebServerApplicationContext@6b7f7ebc: startup date [Mon Jul 30 15:14:32 CEST 2018]; root of context hierarchy
2018-júl.-30 15:14:34.509 INFO  [restartedMain] o.s.c.s.PostProcessorRegistrationDelegate$BeanPostProcessorChecker - Bean 'org.springframework.transaction.annotation.ProxyTransactionManagementConfiguration' of type [org.springframework.transaction.annotation.ProxyTransactionManagementConfiguration$$EnhancerBySpringCGLIB$$1b0ca79e] is not eligible for getting processed by all BeanPostProcessors (for example: not eligible for auto-proxying)
2018-júl.-30 15:14:35.244 INFO  [restartedMain] o.s.b.w.e.t.TomcatWebServer - Tomcat initialized with port(s): 8080 (http)
2018-júl.-30 15:14:35.275 INFO  [restartedMain] o.a.c.c.StandardService - Starting service [Tomcat]
2018-júl.-30 15:14:35.275 INFO  [restartedMain] o.a.c.c.StandardEngine - Starting Servlet Engine: Apache Tomcat/8.5.31
2018-júl.-30 15:14:35.290 INFO  [localhost-startStop-1] o.a.c.c.AprLifecycleListener - The APR based Apache Tomcat Native library which allows optimal performance in production environments was not found on the java.library.path: [C:\Program Files\Java\jdk-10.0.1\bin;C:\Windows\Sun\Java\bin;C:\Windows\system32;C:\Windows;C:\Program Files (x86)\Common Files\Oracle\Java\javapath;C:\ProgramData\Oracle\Java\javapath;C:\Windows\system32;C:\Windows;C:\Windows\System32\Wbem;C:\Windows\System32\WindowsPowerShell\v1.0\;C:\Windows\System32\OpenSSH\;C:\ProgramData\chocolatey\bin;C:\Program Files\Java\jdk-9.0.1;C:\Program Files\Git\cmd;C:\Program Files (x86)\NVIDIA Corporation\PhysX\Common;C:\Program Files (x86)\Calibre2\;C:\Program Files\Java\jdk-10.0.1\bin;C:\Program Files\nodejs\;C:\bin\groovy-2.5.1;C:\bin\groovy-2.5.1\bin;E:\Program Files\spring-2.0.3.RELEASE\bin;C:\Users\Norbi\AppData\Local\Microsoft\WindowsApps;;C:\Program Files\Microsoft VS Code\bin;C:\Users\Norbi\AppData\Roaming\npm;.]
2018-júl.-30 15:14:35.509 INFO  [localhost-startStop-1] o.a.c.c.C.[.[.[/] - Initializing Spring embedded WebApplicationContext
2018-júl.-30 15:14:35.509 INFO  [localhost-startStop-1] o.s.w.c.ContextLoader - Root WebApplicationContext: initialization completed in 3374 ms
2018-júl.-30 15:14:35.806 INFO  [localhost-startStop-1] o.s.b.w.s.FilterRegistrationBean - Mapping filter: 'characterEncodingFilter' to: [/*]
2018-júl.-30 15:14:35.806 INFO  [localhost-startStop-1] o.s.b.w.s.FilterRegistrationBean - Mapping filter: 'hiddenHttpMethodFilter' to: [/*]
2018-júl.-30 15:14:35.806 INFO  [localhost-startStop-1] o.s.b.w.s.FilterRegistrationBean - Mapping filter: 'httpPutFormContentFilter' to: [/*]
2018-júl.-30 15:14:35.806 INFO  [localhost-startStop-1] o.s.b.w.s.FilterRegistrationBean - Mapping filter: 'requestContextFilter' to: [/*]
2018-júl.-30 15:14:35.806 INFO  [localhost-startStop-1] o.s.b.w.s.DelegatingFilterProxyRegistrationBean - Mapping filter: 'springSecurityFilterChain' to: [/*]
2018-júl.-30 15:14:35.806 INFO  [localhost-startStop-1] o.s.b.w.s.ServletRegistrationBean - Servlet dispatcherServlet mapped to [/]
2018-júl.-30 15:14:35.962 INFO  [restartedMain] c.z.h.HikariDataSource - HikariPool-1 - Starting...
2018-júl.-30 15:14:39.223 INFO  [restartedMain] c.z.h.HikariDataSource - HikariPool-1 - Start completed.
2018-júl.-30 15:14:39.223 INFO  [restartedMain] o.s.j.d.i.ScriptUtils - Executing SQL script from class path resource [schema.sql]
2018-júl.-30 15:14:39.801 INFO  [restartedMain] o.s.j.d.i.ScriptUtils - Executed SQL script from class path resource [schema.sql] in 578 ms.
2018-júl.-30 15:14:39.816 INFO  [restartedMain] o.s.j.d.i.ScriptUtils - Executing SQL script from class path resource [data.sql]
2018-júl.-30 15:14:40.004 INFO  [restartedMain] o.s.j.d.i.ScriptUtils - Executed SQL script from class path resource [data.sql] in 188 ms.
2018-júl.-30 15:14:40.347 INFO  [restartedMain] o.s.o.j.LocalContainerEntityManagerFactoryBean - Building JPA container EntityManagerFactory for persistence unit 'default'
2018-júl.-30 15:14:40.379 INFO  [restartedMain] o.h.j.i.u.LogHelper - HHH000204: Processing PersistenceUnitInfo [
	name: default
	...]
2018-júl.-30 15:14:40.519 INFO  [restartedMain] o.h.Version - HHH000412: Hibernate Core {5.2.17.Final}
2018-júl.-30 15:14:40.519 INFO  [restartedMain] o.h.c.Environment - HHH000206: hibernate.properties not found
2018-júl.-30 15:14:40.597 INFO  [restartedMain] o.h.a.c.Version - HCANN000001: Hibernate Commons Annotations {5.0.1.Final}
2018-júl.-30 15:14:40.894 INFO  [restartedMain] o.h.d.Dialect - HHH000400: Using dialect: org.hibernate.dialect.PostgreSQL95Dialect
2018-júl.-30 15:14:41.082 INFO  [restartedMain] o.h.e.j.e.i.LobCreatorBuilderImpl - HHH000421: Disabling contextual LOB creation as hibernate.jdbc.lob.non_contextual_creation is true
2018-júl.-30 15:14:41.082 INFO  [restartedMain] o.h.t.BasicTypeRegistry - HHH000270: Type registration [java.util.UUID] overrides previous : org.hibernate.type.UUIDBinaryType@41966269
2018-júl.-30 15:14:41.816 INFO  [restartedMain] o.s.o.j.LocalContainerEntityManagerFactoryBean - Initialized JPA EntityManagerFactory for persistence unit 'default'
2018-júl.-30 15:14:42.878 INFO  [restartedMain] o.s.w.s.h.SimpleUrlHandlerMapping - Mapped URL path [/**/favicon.ico] onto handler of type [class org.springframework.web.servlet.resource.ResourceHttpRequestHandler]
2018-júl.-30 15:14:43.175 INFO  [restartedMain] o.s.w.s.m.m.a.RequestMappingHandlerAdapter - Looking for @ControllerAdvice: org.springframework.boot.web.servlet.context.AnnotationConfigServletWebServerApplicationContext@6b7f7ebc: startup date [Mon Jul 30 15:14:32 CEST 2018]; root of context hierarchy
2018-júl.-30 15:14:43.253 WARN  [restartedMain] o.s.b.a.o.j.JpaBaseConfiguration$JpaWebConfiguration$JpaWebMvcConfiguration - spring.jpa.open-in-view is enabled by default. Therefore, database queries may be performed during view rendering. Explicitly configure spring.jpa.open-in-view to disable this warning
2018-júl.-30 15:14:43.331 INFO  [restartedMain] o.s.w.s.m.m.a.RequestMappingHandlerMapping - Mapped "{[/auth],methods=[GET]}" onto public com.codecool.projectkifli.dto.UserDto com.codecool.projectkifli.controller.AuthController.get(java.security.Principal)
2018-júl.-30 15:14:43.331 INFO  [restartedMain] o.s.w.s.m.m.a.RequestMappingHandlerMapping - Mapped "{[/auth],methods=[DELETE]}" onto public void com.codecool.projectkifli.controller.AuthController.delete(javax.servlet.http.HttpSession)
2018-júl.-30 15:14:43.331 INFO  [restartedMain] o.s.w.s.m.m.a.RequestMappingHandlerMapping - Mapped "{[/images/{id}],methods=[GET],produces=[image/jpeg]}" onto public byte[] com.codecool.projectkifli.controller.ImageController.getImageById(java.lang.String)
2018-júl.-30 15:14:43.347 INFO  [restartedMain] o.s.w.s.m.m.a.RequestMappingHandlerMapping - Mapped "{[/products/{id}],methods=[DELETE]}" onto public void com.codecool.projectkifli.controller.ProductController.delete(java.lang.Integer,java.security.Principal) throws org.springframework.data.crossstore.ChangeSetPersister$NotFoundException
2018-júl.-30 15:14:43.347 INFO  [restartedMain] o.s.w.s.m.m.a.RequestMappingHandlerMapping - Mapped "{[/products/{id}],methods=[GET],produces=[application/json]}" onto public com.codecool.projectkifli.model.Product com.codecool.projectkifli.controller.ProductController.findById(java.lang.Integer)
2018-júl.-30 15:14:43.347 INFO  [restartedMain] o.s.w.s.m.m.a.RequestMappingHandlerMapping - Mapped "{[/products/search/{searchString}],methods=[GET],produces=[application/json]}" onto public java.util.List<com.codecool.projectkifli.model.Product> com.codecool.projectkifli.controller.ProductController.findBySearchTitle(java.lang.String)
2018-júl.-30 15:14:43.347 INFO  [restartedMain] o.s.w.s.m.m.a.RequestMappingHandlerMapping - Mapped "{[/products],methods=[GET],produces=[application/json]}" onto public java.util.List<com.codecool.projectkifli.dto.AdSpaceDto> com.codecool.projectkifli.controller.ProductController.getAllProducts()
2018-júl.-30 15:14:43.347 INFO  [restartedMain] o.s.w.s.m.m.a.RequestMappingHandlerMapping - Mapped "{[/register],methods=[POST]}" onto public void com.codecool.projectkifli.controller.RegisterController.register(java.util.Map<java.lang.String, java.lang.String>)
2018-júl.-30 15:14:43.362 INFO  [restartedMain] o.s.w.s.m.m.a.RequestMappingHandlerMapping - Mapped "{[/users],methods=[POST]}" onto public com.codecool.projectkifli.model.User com.codecool.projectkifli.controller.UserController.add(java.util.Map<java.lang.String, java.lang.String>)
2018-júl.-30 15:14:43.362 INFO  [restartedMain] o.s.w.s.m.m.a.RequestMappingHandlerMapping - Mapped "{[/users/{id}],methods=[GET]}" onto public com.codecool.projectkifli.dto.UserCredentialsDto com.codecool.projectkifli.controller.UserController.get(java.lang.Integer)
2018-júl.-30 15:14:43.362 INFO  [restartedMain] o.s.w.s.m.m.a.RequestMappingHandlerMapping - Mapped "{[/users/{id}],methods=[DELETE]}" onto public void com.codecool.projectkifli.controller.UserController.delete(java.lang.Integer)
2018-júl.-30 15:14:43.362 INFO  [restartedMain] o.s.w.s.m.m.a.RequestMappingHandlerMapping - Mapped "{[/users/change-password],methods=[POST]}" onto public void com.codecool.projectkifli.controller.UserController.changePassword(java.util.Map<java.lang.String, java.lang.String>)
2018-júl.-30 15:14:43.362 INFO  [restartedMain] o.s.w.s.m.m.a.RequestMappingHandlerMapping - Mapped "{[/users],methods=[GET]}" onto public java.lang.Iterable<com.codecool.projectkifli.dto.UserDto> com.codecool.projectkifli.controller.UserController.getAll()
2018-júl.-30 15:14:43.362 INFO  [restartedMain] o.s.w.s.m.m.a.RequestMappingHandlerMapping - Mapped "{[/error]}" onto public org.springframework.http.ResponseEntity<java.util.Map<java.lang.String, java.lang.Object>> org.springframework.boot.autoconfigure.web.servlet.error.BasicErrorController.error(javax.servlet.http.HttpServletRequest)
2018-júl.-30 15:14:43.362 INFO  [restartedMain] o.s.w.s.m.m.a.RequestMappingHandlerMapping - Mapped "{[/error],produces=[text/html]}" onto public org.springframework.web.servlet.ModelAndView org.springframework.boot.autoconfigure.web.servlet.error.BasicErrorController.errorHtml(javax.servlet.http.HttpServletRequest,javax.servlet.http.HttpServletResponse)
2018-júl.-30 15:14:43.456 INFO  [restartedMain] o.s.w.s.h.SimpleUrlHandlerMapping - Mapped URL path [/webjars/**] onto handler of type [class org.springframework.web.servlet.resource.ResourceHttpRequestHandler]
2018-júl.-30 15:14:43.456 INFO  [restartedMain] o.s.w.s.h.SimpleUrlHandlerMapping - Mapped URL path [/**] onto handler of type [class org.springframework.web.servlet.resource.ResourceHttpRequestHandler]
2018-júl.-30 15:14:44.050 INFO  [restartedMain] o.s.s.w.DefaultSecurityFilterChain - Creating filter chain: org.springframework.security.web.util.matcher.AnyRequestMatcher@1, [org.springframework.security.web.context.request.async.WebAsyncManagerIntegrationFilter@462da9de, org.springframework.security.web.context.SecurityContextPersistenceFilter@8dc8945, org.springframework.security.web.header.HeaderWriterFilter@6cdd2c, org.springframework.security.web.authentication.logout.LogoutFilter@2943a966, org.springframework.security.web.authentication.www.BasicAuthenticationFilter@5de21b1, org.springframework.security.web.savedrequest.RequestCacheAwareFilter@51aa94e4, org.springframework.security.web.servletapi.SecurityContextHolderAwareRequestFilter@4de91977, org.springframework.security.web.authentication.AnonymousAuthenticationFilter@20196b14, org.springframework.security.web.session.SessionManagementFilter@73ac28a1, org.springframework.security.web.access.ExceptionTranslationFilter@4f5c486d, org.springframework.security.web.access.intercept.FilterSecurityInterceptor@21823b65]
2018-júl.-30 15:14:44.237 INFO  [restartedMain] o.s.b.d.a.OptionalLiveReloadServer - LiveReload server is running on port 35729
2018-júl.-30 15:14:44.284 INFO  [restartedMain] o.s.j.e.a.AnnotationMBeanExporter - Registering beans for JMX exposure on startup
2018-júl.-30 15:14:44.300 INFO  [restartedMain] o.s.j.e.a.AnnotationMBeanExporter - Bean with name 'dataSource' has been autodetected for JMX exposure
2018-júl.-30 15:14:44.300 INFO  [restartedMain] o.s.j.e.a.AnnotationMBeanExporter - Located MBean 'dataSource': registering with JMX server as MBean [com.zaxxer.hikari:name=dataSource,type=HikariDataSource]
2018-júl.-30 15:14:44.409 INFO  [restartedMain] o.s.b.w.e.t.TomcatWebServer - Tomcat started on port(s): 8080 (http) with context path ''
2018-júl.-30 15:14:44.425 INFO  [restartedMain] c.c.p.ProjectKifliApplication - Started ProjectKifliApplication in 12.977 seconds (JVM running for 13.977)
2018-júl.-30 15:14:44.425 DEBUG [restartedMain] c.c.p.ProjectKifliApplication - --Application started!--
2018-júl.-30 15:14:54.682 INFO  [http-nio-8080-exec-1] o.a.c.c.C.[.[.[/] - Initializing Spring FrameworkServlet 'dispatcherServlet'
2018-júl.-30 15:14:54.683 INFO  [http-nio-8080-exec-1] o.s.w.s.DispatcherServlet - FrameworkServlet 'dispatcherServlet': initialization started
2018-júl.-30 15:14:54.716 INFO  [http-nio-8080-exec-1] o.s.w.s.DispatcherServlet - FrameworkServlet 'dispatcherServlet': initialization completed in 33 ms
2018-júl.-30 15:14:55.264 WARN  [http-nio-8080-exec-1] o.a.c.u.SessionIdGeneratorBase - Creation of SecureRandom instance for session ID generation using [SHA1PRNG] took [241] milliseconds.
2018-júl.-30 15:15:53.668 INFO  [http-nio-8080-exec-3] o.h.h.i.QueryTranslatorFactoryInitiator - HHH000397: Using ASTQueryTranslatorFactory
2018-júl.-30 15:16:12.836 DEBUG [http-nio-8080-exec-7] c.c.p.c.AuthController - user has logged out,
2018-júl.-30 15:16:21.382 DEBUG [http-nio-8080-exec-3] c.c.p.c.AuthController - User: admin has logged in successfully
2018-júl.-30 15:17:13.109 INFO  [restartedMain] c.c.p.ProjectKifliApplication - Starting ProjectKifliApplication on DESKTOP-TOIMRUQ with PID 41244 (E:\codecool\angular\kifli\kifli-backend\target\classes started by Norbi in E:\codecool\angular\kifli\kifli-backend)
2018-júl.-30 15:17:13.109 DEBUG [restartedMain] c.c.p.ProjectKifliApplication - Running with Spring Boot v2.0.3.RELEASE, Spring v5.0.7.RELEASE
2018-júl.-30 15:17:13.109 INFO  [restartedMain] c.c.p.ProjectKifliApplication - No active profile set, falling back to default profiles: default
2018-júl.-30 15:17:13.202 INFO  [restartedMain] o.s.b.w.s.c.AnnotationConfigServletWebServerApplicationContext - Refreshing org.springframework.boot.web.servlet.context.AnnotationConfigServletWebServerApplicationContext@3cc4cb11: startup date [Mon Jul 30 15:17:13 CEST 2018]; root of context hierarchy
2018-júl.-30 15:17:15.511 INFO  [restartedMain] o.s.c.s.PostProcessorRegistrationDelegate$BeanPostProcessorChecker - Bean 'org.springframework.transaction.annotation.ProxyTransactionManagementConfiguration' of type [org.springframework.transaction.annotation.ProxyTransactionManagementConfiguration$$EnhancerBySpringCGLIB$$2d1d8bfb] is not eligible for getting processed by all BeanPostProcessors (for example: not eligible for auto-proxying)
2018-júl.-30 15:17:16.308 INFO  [restartedMain] o.s.b.w.e.t.TomcatWebServer - Tomcat initialized with port(s): 8080 (http)
2018-júl.-30 15:17:16.354 INFO  [restartedMain] o.a.c.c.StandardService - Starting service [Tomcat]
2018-júl.-30 15:17:16.354 INFO  [restartedMain] o.a.c.c.StandardEngine - Starting Servlet Engine: Apache Tomcat/8.5.31
2018-júl.-30 15:17:16.370 INFO  [localhost-startStop-1] o.a.c.c.AprLifecycleListener - The APR based Apache Tomcat Native library which allows optimal performance in production environments was not found on the java.library.path: [C:\Program Files\Java\jdk-10.0.1\bin;C:\Windows\Sun\Java\bin;C:\Windows\system32;C:\Windows;C:\Program Files (x86)\Common Files\Oracle\Java\javapath;C:\ProgramData\Oracle\Java\javapath;C:\Windows\system32;C:\Windows;C:\Windows\System32\Wbem;C:\Windows\System32\WindowsPowerShell\v1.0\;C:\Windows\System32\OpenSSH\;C:\ProgramData\chocolatey\bin;C:\Program Files\Java\jdk-9.0.1;C:\Program Files\Git\cmd;C:\Program Files (x86)\NVIDIA Corporation\PhysX\Common;C:\Program Files (x86)\Calibre2\;C:\Program Files\Java\jdk-10.0.1\bin;C:\Program Files\nodejs\;C:\bin\groovy-2.5.1;C:\bin\groovy-2.5.1\bin;E:\Program Files\spring-2.0.3.RELEASE\bin;C:\Users\Norbi\AppData\Local\Microsoft\WindowsApps;;C:\Program Files\Microsoft VS Code\bin;C:\Users\Norbi\AppData\Roaming\npm;.]
2018-júl.-30 15:17:16.557 INFO  [localhost-startStop-1] o.a.c.c.C.[.[.[/] - Initializing Spring embedded WebApplicationContext
2018-júl.-30 15:17:16.557 INFO  [localhost-startStop-1] o.s.w.c.ContextLoader - Root WebApplicationContext: initialization completed in 3355 ms
2018-júl.-30 15:17:16.823 INFO  [localhost-startStop-1] o.s.b.w.s.FilterRegistrationBean - Mapping filter: 'characterEncodingFilter' to: [/*]
2018-júl.-30 15:17:16.823 INFO  [localhost-startStop-1] o.s.b.w.s.FilterRegistrationBean - Mapping filter: 'hiddenHttpMethodFilter' to: [/*]
2018-júl.-30 15:17:16.823 INFO  [localhost-startStop-1] o.s.b.w.s.FilterRegistrationBean - Mapping filter: 'httpPutFormContentFilter' to: [/*]
2018-júl.-30 15:17:16.823 INFO  [localhost-startStop-1] o.s.b.w.s.FilterRegistrationBean - Mapping filter: 'requestContextFilter' to: [/*]
2018-júl.-30 15:17:16.839 INFO  [localhost-startStop-1] o.s.b.w.s.DelegatingFilterProxyRegistrationBean - Mapping filter: 'springSecurityFilterChain' to: [/*]
2018-júl.-30 15:17:16.839 INFO  [localhost-startStop-1] o.s.b.w.s.ServletRegistrationBean - Servlet dispatcherServlet mapped to [/]
2018-júl.-30 15:17:16.964 INFO  [restartedMain] c.z.h.HikariDataSource - HikariPool-1 - Starting...
2018-júl.-30 15:17:20.190 INFO  [restartedMain] c.z.h.HikariDataSource - HikariPool-1 - Start completed.
2018-júl.-30 15:17:20.190 INFO  [restartedMain] o.s.j.d.i.ScriptUtils - Executing SQL script from class path resource [schema.sql]
2018-júl.-30 15:17:22.355 INFO  [restartedMain] o.s.j.d.i.ScriptUtils - Executed SQL script from class path resource [schema.sql] in 2165 ms.
2018-júl.-30 15:17:22.371 INFO  [restartedMain] o.s.j.d.i.ScriptUtils - Executing SQL script from class path resource [data.sql]
2018-júl.-30 15:17:22.589 INFO  [restartedMain] o.s.j.d.i.ScriptUtils - Executed SQL script from class path resource [data.sql] in 218 ms.
2018-júl.-30 15:17:22.745 INFO  [restartedMain] o.s.o.j.LocalContainerEntityManagerFactoryBean - Building JPA container EntityManagerFactory for persistence unit 'default'
2018-júl.-30 15:17:22.777 INFO  [restartedMain] o.h.j.i.u.LogHelper - HHH000204: Processing PersistenceUnitInfo [
	name: default
	...]
2018-júl.-30 15:17:22.870 INFO  [restartedMain] o.h.Version - HHH000412: Hibernate Core {5.2.17.Final}
2018-júl.-30 15:17:22.870 INFO  [restartedMain] o.h.c.Environment - HHH000206: hibernate.properties not found
2018-júl.-30 15:17:22.933 INFO  [restartedMain] o.h.a.c.Version - HCANN000001: Hibernate Commons Annotations {5.0.1.Final}
2018-júl.-30 15:17:23.105 INFO  [restartedMain] o.h.d.Dialect - HHH000400: Using dialect: org.hibernate.dialect.PostgreSQL95Dialect
2018-júl.-30 15:17:23.277 INFO  [restartedMain] o.h.e.j.e.i.LobCreatorBuilderImpl - HHH000421: Disabling contextual LOB creation as hibernate.jdbc.lob.non_contextual_creation is true
2018-júl.-30 15:17:23.277 INFO  [restartedMain] o.h.t.BasicTypeRegistry - HHH000270: Type registration [java.util.UUID] overrides previous : org.hibernate.type.UUIDBinaryType@2be8da49
2018-júl.-30 15:17:23.917 INFO  [restartedMain] o.s.o.j.LocalContainerEntityManagerFactoryBean - Initialized JPA EntityManagerFactory for persistence unit 'default'
2018-júl.-30 15:17:25.401 INFO  [restartedMain] o.s.w.s.h.SimpleUrlHandlerMapping - Mapped URL path [/**/favicon.ico] onto handler of type [class org.springframework.web.servlet.resource.ResourceHttpRequestHandler]
2018-júl.-30 15:17:25.776 INFO  [restartedMain] o.s.w.s.m.m.a.RequestMappingHandlerAdapter - Looking for @ControllerAdvice: org.springframework.boot.web.servlet.context.AnnotationConfigServletWebServerApplicationContext@3cc4cb11: startup date [Mon Jul 30 15:17:13 CEST 2018]; root of context hierarchy
2018-júl.-30 15:17:25.854 WARN  [restartedMain] o.s.b.a.o.j.JpaBaseConfiguration$JpaWebConfiguration$JpaWebMvcConfiguration - spring.jpa.open-in-view is enabled by default. Therefore, database queries may be performed during view rendering. Explicitly configure spring.jpa.open-in-view to disable this warning
2018-júl.-30 15:17:25.917 INFO  [restartedMain] o.s.w.s.m.m.a.RequestMappingHandlerMapping - Mapped "{[/auth],methods=[GET]}" onto public com.codecool.projectkifli.dto.UserDto com.codecool.projectkifli.controller.AuthController.get(java.security.Principal)
2018-júl.-30 15:17:25.917 INFO  [restartedMain] o.s.w.s.m.m.a.RequestMappingHandlerMapping - Mapped "{[/auth],methods=[DELETE]}" onto public void com.codecool.projectkifli.controller.AuthController.delete(javax.servlet.http.HttpSession)
2018-júl.-30 15:17:25.932 INFO  [restartedMain] o.s.w.s.m.m.a.RequestMappingHandlerMapping - Mapped "{[/images/{id}],methods=[GET],produces=[image/jpeg]}" onto public byte[] com.codecool.projectkifli.controller.ImageController.getImageById(java.lang.String)
2018-júl.-30 15:17:25.932 INFO  [restartedMain] o.s.w.s.m.m.a.RequestMappingHandlerMapping - Mapped "{[/products/search/{searchString}],methods=[GET],produces=[application/json]}" onto public java.util.List<com.codecool.projectkifli.model.Product> com.codecool.projectkifli.controller.ProductController.findBySearchTitle(java.lang.String)
2018-júl.-30 15:17:25.932 INFO  [restartedMain] o.s.w.s.m.m.a.RequestMappingHandlerMapping - Mapped "{[/products],methods=[GET],produces=[application/json]}" onto public java.util.List<com.codecool.projectkifli.dto.AdSpaceDto> com.codecool.projectkifli.controller.ProductController.getAllProducts()
2018-júl.-30 15:17:25.932 INFO  [restartedMain] o.s.w.s.m.m.a.RequestMappingHandlerMapping - Mapped "{[/products/{id}],methods=[GET],produces=[application/json]}" onto public com.codecool.projectkifli.model.Product com.codecool.projectkifli.controller.ProductController.findById(java.lang.Integer)
2018-júl.-30 15:17:25.932 INFO  [restartedMain] o.s.w.s.m.m.a.RequestMappingHandlerMapping - Mapped "{[/products/{id}],methods=[DELETE]}" onto public void com.codecool.projectkifli.controller.ProductController.delete(java.lang.Integer,java.security.Principal) throws org.springframework.data.crossstore.ChangeSetPersister$NotFoundException
2018-júl.-30 15:17:25.932 INFO  [restartedMain] o.s.w.s.m.m.a.RequestMappingHandlerMapping - Mapped "{[/register],methods=[POST]}" onto public void com.codecool.projectkifli.controller.RegisterController.register(java.util.Map<java.lang.String, java.lang.String>)
2018-júl.-30 15:17:25.948 INFO  [restartedMain] o.s.w.s.m.m.a.RequestMappingHandlerMapping - Mapped "{[/users/change-password],methods=[POST]}" onto public void com.codecool.projectkifli.controller.UserController.changePassword(java.util.Map<java.lang.String, java.lang.String>)
2018-júl.-30 15:17:25.948 INFO  [restartedMain] o.s.w.s.m.m.a.RequestMappingHandlerMapping - Mapped "{[/users],methods=[GET]}" onto public java.lang.Iterable<com.codecool.projectkifli.dto.UserDto> com.codecool.projectkifli.controller.UserController.getAll()
2018-júl.-30 15:17:25.948 INFO  [restartedMain] o.s.w.s.m.m.a.RequestMappingHandlerMapping - Mapped "{[/users],methods=[POST]}" onto public com.codecool.projectkifli.model.User com.codecool.projectkifli.controller.UserController.add(java.util.Map<java.lang.String, java.lang.String>)
2018-júl.-30 15:17:25.948 INFO  [restartedMain] o.s.w.s.m.m.a.RequestMappingHandlerMapping - Mapped "{[/users/{id}],methods=[GET]}" onto public com.codecool.projectkifli.dto.UserCredentialsDto com.codecool.projectkifli.controller.UserController.get(java.lang.Integer)
2018-júl.-30 15:17:25.948 INFO  [restartedMain] o.s.w.s.m.m.a.RequestMappingHandlerMapping - Mapped "{[/users/{id}],methods=[DELETE]}" onto public void com.codecool.projectkifli.controller.UserController.delete(java.lang.Integer)
2018-júl.-30 15:17:25.948 INFO  [restartedMain] o.s.w.s.m.m.a.RequestMappingHandlerMapping - Mapped "{[/error],produces=[text/html]}" onto public org.springframework.web.servlet.ModelAndView org.springframework.boot.autoconfigure.web.servlet.error.BasicErrorController.errorHtml(javax.servlet.http.HttpServletRequest,javax.servlet.http.HttpServletResponse)
2018-júl.-30 15:17:25.948 INFO  [restartedMain] o.s.w.s.m.m.a.RequestMappingHandlerMapping - Mapped "{[/error]}" onto public org.springframework.http.ResponseEntity<java.util.Map<java.lang.String, java.lang.Object>> org.springframework.boot.autoconfigure.web.servlet.error.BasicErrorController.error(javax.servlet.http.HttpServletRequest)
2018-júl.-30 15:17:26.026 INFO  [restartedMain] o.s.w.s.h.SimpleUrlHandlerMapping - Mapped URL path [/webjars/**] onto handler of type [class org.springframework.web.servlet.resource.ResourceHttpRequestHandler]
2018-júl.-30 15:17:26.026 INFO  [restartedMain] o.s.w.s.h.SimpleUrlHandlerMapping - Mapped URL path [/**] onto handler of type [class org.springframework.web.servlet.resource.ResourceHttpRequestHandler]
2018-júl.-30 15:17:26.807 INFO  [restartedMain] o.s.s.w.DefaultSecurityFilterChain - Creating filter chain: org.springframework.security.web.util.matcher.AnyRequestMatcher@1, [org.springframework.security.web.context.request.async.WebAsyncManagerIntegrationFilter@2efb3ec6, org.springframework.security.web.context.SecurityContextPersistenceFilter@1c953a60, org.springframework.security.web.header.HeaderWriterFilter@3046d7ce, org.springframework.security.web.authentication.logout.LogoutFilter@746fc611, org.springframework.security.web.authentication.www.BasicAuthenticationFilter@50624a34, org.springframework.security.web.savedrequest.RequestCacheAwareFilter@43f58a21, org.springframework.security.web.servletapi.SecurityContextHolderAwareRequestFilter@6bec0894, org.springframework.security.web.authentication.AnonymousAuthenticationFilter@47c039c7, org.springframework.security.web.session.SessionManagementFilter@6b748bfe, org.springframework.security.web.access.ExceptionTranslationFilter@7eac0b1e, org.springframework.security.web.access.intercept.FilterSecurityInterceptor@48516ad9]
2018-júl.-30 15:17:26.963 INFO  [restartedMain] o.s.b.d.a.OptionalLiveReloadServer - LiveReload server is running on port 35729
2018-júl.-30 15:17:27.010 INFO  [restartedMain] o.s.j.e.a.AnnotationMBeanExporter - Registering beans for JMX exposure on startup
2018-júl.-30 15:17:27.010 INFO  [restartedMain] o.s.j.e.a.AnnotationMBeanExporter - Bean with name 'dataSource' has been autodetected for JMX exposure
2018-júl.-30 15:17:27.041 INFO  [restartedMain] o.s.j.e.a.AnnotationMBeanExporter - Located MBean 'dataSource': registering with JMX server as MBean [com.zaxxer.hikari:name=dataSource,type=HikariDataSource]
2018-júl.-30 15:17:27.151 INFO  [restartedMain] o.s.b.w.e.t.TomcatWebServer - Tomcat started on port(s): 8080 (http) with context path ''
2018-júl.-30 15:17:27.166 INFO  [restartedMain] c.c.p.ProjectKifliApplication - Started ProjectKifliApplication in 14.615 seconds (JVM running for 15.614)
2018-júl.-30 15:17:27.182 DEBUG [restartedMain] c.c.p.ProjectKifliApplication - --Application started!--
2018-júl.-30 15:17:35.031 INFO  [http-nio-8080-exec-1] o.a.c.c.C.[.[.[/] - Initializing Spring FrameworkServlet 'dispatcherServlet'
2018-júl.-30 15:17:35.031 INFO  [http-nio-8080-exec-1] o.s.w.s.DispatcherServlet - FrameworkServlet 'dispatcherServlet': initialization started
2018-júl.-30 15:17:35.071 INFO  [http-nio-8080-exec-1] o.s.w.s.DispatcherServlet - FrameworkServlet 'dispatcherServlet': initialization completed in 39 ms
2018-júl.-30 15:17:35.357 INFO  [http-nio-8080-exec-2] o.h.h.i.QueryTranslatorFactoryInitiator - HHH000397: Using ASTQueryTranslatorFactory
2018-júl.-30 15:17:43.723 WARN  [http-nio-8080-exec-2] o.a.c.u.SessionIdGeneratorBase - Creation of SecureRandom instance for session ID generation using [SHA1PRNG] took [194] milliseconds.
2018-júl.-30 15:17:43.785 DEBUG [http-nio-8080-exec-2] c.c.p.c.AuthController - User: admin has logged in successfully
